[debug] [2023-07-03T07:20:03.695Z] ----------------------------------------------------------------------
[debug] [2023-07-03T07:20:03.697Z] Command:       C:\Program Files\nodejs\node.exe C:\Users\Aditya HP\AppData\Roaming\npm\node_modules\firebase-tools\lib\bin\firebase.js init
[debug] [2023-07-03T07:20:03.698Z] CLI Version:   12.4.2
[debug] [2023-07-03T07:20:03.698Z] Platform:      win32
[debug] [2023-07-03T07:20:03.699Z] Node Version:  v18.16.0
[debug] [2023-07-03T07:20:03.700Z] Time:          Mon Jul 03 2023 12:50:03 GMT+0530 (India Standard Time)
[debug] [2023-07-03T07:20:03.700Z] ----------------------------------------------------------------------
[debug] 
[debug] [2023-07-03T07:20:03.797Z] > command requires scopes: ["email","openid","https://www.googleapis.com/auth/cloudplatformprojects.readonly","https://www.googleapis.com/auth/firebase","https://www.googleapis.com/auth/cloud-platform"]
[debug] [2023-07-03T07:20:03.798Z] > authorizing via signed-in user (adityaishan25@gmail.com)
[info] 
     ######## #### ########  ######## ########     ###     ######  ########
     ##        ##  ##     ## ##       ##     ##  ##   ##  ##       ##
     ######    ##  ########  ######   ########  #########  ######  ######
     ##        ##  ##    ##  ##       ##     ## ##     ##       ## ##
     ##       #### ##     ## ######## ########  ##     ##  ######  ########

You're about to initialize a Firebase project in this directory:

  C:\Users\Aditya HP\Documents\GitHub\TwT.Mate

Before we get started, keep in mind:

  * You are initializing within an existing Firebase project directory

[info] 
=== Project Setup
[info] 
[info] First, let's associate this project directory with a Firebase project.
[info] You can create multiple project aliases by running firebase use --add, 
[info] but for now we'll just set up a default project.
[info] 
[debug] [2023-07-03T07:21:02.307Z] Using project from CLI flag: twt-mate
[debug] [2023-07-03T07:21:02.309Z] >>> [apiv2][query] GET https://firebase.googleapis.com/v1beta1/projects/twt-mate [none]
[debug] [2023-07-03T07:21:03.060Z] <<< [apiv2][status] GET https://firebase.googleapis.com/v1beta1/projects/twt-mate 200
[debug] [2023-07-03T07:21:03.060Z] <<< [apiv2][body] GET https://firebase.googleapis.com/v1beta1/projects/twt-mate {"projectId":"twt-mate","projectNumber":"109279180270","displayName":"TwT-Mate","name":"projects/twt-mate","resources":{"hostingSite":"twt-mate","realtimeDatabaseInstance":"twt-mate-default-rtdb"},"state":"ACTIVE","etag":"1_f43148ba-2f7f-4827-a020-2dbf208edbdf"}
[info] i  Using project twt-mate (TwT-Mate) 
[info] 
=== Database Setup
[info] i  database: ensuring required API firebasedatabase.googleapis.com is enabled... 
[debug] [2023-07-03T07:21:03.073Z] >>> [apiv2][query] GET https://serviceusage.googleapis.com/v1/projects/twt-mate/services/firebasedatabase.googleapis.com [none]
[debug] [2023-07-03T07:21:03.073Z] >>> [apiv2][(partial)header] GET https://serviceusage.googleapis.com/v1/projects/twt-mate/services/firebasedatabase.googleapis.com x-goog-quota-user=projects/twt-mate
[debug] [2023-07-03T07:21:04.912Z] <<< [apiv2][status] GET https://serviceusage.googleapis.com/v1/projects/twt-mate/services/firebasedatabase.googleapis.com 200
[debug] [2023-07-03T07:21:04.912Z] <<< [apiv2][body] GET https://serviceusage.googleapis.com/v1/projects/twt-mate/services/firebasedatabase.googleapis.com [omitted]
[info] +  database: required API firebasedatabase.googleapis.com is enabled 
[info] 
[debug] [2023-07-03T07:21:04.914Z] >>> [apiv2][query] GET https://firebasedatabase.googleapis.com/v1beta/projects/twt-mate/locations/-/instances/twt-mate-default-rtdb [none]
[debug] [2023-07-03T07:21:06.647Z] <<< [apiv2][status] GET https://firebasedatabase.googleapis.com/v1beta/projects/twt-mate/locations/-/instances/twt-mate-default-rtdb 200
[debug] [2023-07-03T07:21:06.647Z] <<< [apiv2][body] GET https://firebasedatabase.googleapis.com/v1beta/projects/twt-mate/locations/-/instances/twt-mate-default-rtdb {"name":"projects/109279180270/locations/asia-southeast1/instances/twt-mate-default-rtdb","project":"projects/109279180270","databaseUrl":"https://twt-mate-default-rtdb.asia-southeast1.firebasedatabase.app","type":"DEFAULT_DATABASE","state":"ACTIVE"}
[info] 
[info] Firebase Realtime Database Security Rules allow you to define how your data should be
[info] structured and when your data can be read from and written to.
[info] 
[debug] [2023-07-03T07:21:26.175Z] >>> [apiv2][query] GET https://twt-mate-default-rtdb.asia-southeast1.firebasedatabase.app/.settings/rules.json [none]
[debug] [2023-07-03T07:21:26.585Z] <<< [apiv2][status] GET https://twt-mate-default-rtdb.asia-southeast1.firebasedatabase.app/.settings/rules.json 200
[debug] [2023-07-03T07:21:26.585Z] <<< [apiv2][body] GET https://twt-mate-default-rtdb.asia-southeast1.firebasedatabase.app/.settings/rules.json [stream]
[info] +  Database Rules for twt-mate-default-rtdb have been written to database.rules.json. 
[info] Future modifications to database.rules.json will update Realtime Database Security Rules when you run
[info] firebase deploy.
[info] 
=== Hosting Setup
[info] 
[info] Your public directory is the folder (relative to your project directory) that
[info] will contain Hosting assets to be uploaded with firebase deploy. If you
[info] have a build process for your assets, use your build's output directory.
[info] 
